  [4;36;1mSQL (0.1ms)[0m   [0;1mSET SQL_AUTO_IS_NULL=0[0m
  [4;35;1mSQL (0.2ms)[0m   [0mSHOW TABLES[0m
  [4;36;1mSQL (41.9ms)[0m   [0;1mCREATE TABLE `schema_migrations` (`version` varchar(255) NOT NULL) ENGINE=InnoDB[0m
  [4;35;1mSQL (336.9ms)[0m   [0mCREATE UNIQUE INDEX `unique_schema_migrations` ON `schema_migrations` (`version`)[0m
  [4;36;1mSQL (0.3ms)[0m   [0;1mSHOW TABLES[0m
  [4;35;1mSQL (0.3ms)[0m   [0mSELECT version FROM schema_migrations[0m
Migrating to CreateStudents (20101106194248)
  [4;36;1mSQL (200.3ms)[0m   [0;1mCREATE TABLE `students` (`id` int(11) DEFAULT NULL auto_increment PRIMARY KEY, `name` varchar(255), `email` varchar(255), `registration` int(11), `created_at` datetime, `updated_at` datetime) ENGINE=InnoDB[0m
  [4;35;1mSQL (74.4ms)[0m   [0mINSERT INTO schema_migrations (version) VALUES ('20101106194248')[0m
  [4;36;1mSQL (0.3ms)[0m   [0;1mSHOW TABLES[0m
  [4;35;1mSQL (0.2ms)[0m   [0mSELECT version FROM schema_migrations[0m
  [4;36;1mSQL (0.2ms)[0m   [0;1mSHOW TABLES[0m
  [4;35;1mSQL (0.8ms)[0m   [0mSHOW FIELDS FROM `students`[0m
  [4;36;1mSQL (0.6ms)[0m   [0;1mdescribe `students`[0m
  [4;35;1mSQL (0.3ms)[0m   [0mSHOW KEYS FROM `students`[0m
  [4;36;1mSQL (0.1ms)[0m   [0;1mSET SQL_AUTO_IS_NULL=0[0m


Processing StudentsController#index (for 127.0.0.1 at 2010-11-06 16:53:01) [GET]
  [4;35;1mStudent Load (0.3ms)[0m   [0mSELECT * FROM `students` [0m
Rendering template within layouts/students
Rendering students/index
Completed in 38ms (View: 31, DB: 0) | 200 OK [http://localhost/students]
  [4;36;1mSQL (0.1ms)[0m   [0;1mSET SQL_AUTO_IS_NULL=0[0m


Processing StudentsController#new (for 127.0.0.1 at 2010-11-06 16:53:10) [GET]
  [4;35;1mStudent Columns (0.8ms)[0m   [0mSHOW FIELDS FROM `students`[0m
Rendering template within layouts/students
Rendering students/new
Completed in 78ms (View: 69, DB: 1) | 200 OK [http://localhost/students/new]
  [4;36;1mSQL (0.1ms)[0m   [0;1mSET SQL_AUTO_IS_NULL=0[0m


Processing StudentsController#index (for 127.0.0.1 at 2010-11-06 16:53:31) [GET]
  [4;35;1mStudent Load (0.1ms)[0m   [0mSELECT * FROM `students` [0m
Rendering template within layouts/students
Rendering students/index
Completed in 10ms (View: 2, DB: 0) | 200 OK [http://localhost/students]
  [4;36;1mSQL (0.1ms)[0m   [0;1mSET SQL_AUTO_IS_NULL=0[0m


Processing StudentsController#new (for 127.0.0.1 at 2010-11-06 16:54:20) [GET]
  [4;35;1mStudent Columns (0.8ms)[0m   [0mSHOW FIELDS FROM `students`[0m
Rendering template within layouts/students
Rendering students/new
Completed in 16ms (View: 8, DB: 1) | 200 OK [http://localhost/students/new]
  [4;36;1mSQL (0.1ms)[0m   [0;1mSET SQL_AUTO_IS_NULL=0[0m


Processing StudentsController#create (for 127.0.0.1 at 2010-11-06 16:55:09) [POST]
  Parameters: {"commit"=>"Create", "authenticity_token"=>"TnBtDMdBw9brzdm59b4wREJ6lv3+V6nZ7wCC98dOuvU=", "student"=>{"name"=>"Carlos Andrade", "registration"=>"209102527", "email"=>"carlos@email.com"}}
  [4;35;1mStudent Columns (0.8ms)[0m   [0mSHOW FIELDS FROM `students`[0m
  [4;36;1mSQL (0.1ms)[0m   [0;1mBEGIN[0m
  [4;35;1mStudent Create (0.2ms)[0m   [0mINSERT INTO `students` (`name`, `created_at`, `updated_at`, `registration`, `email`) VALUES('Carlos Andrade', '2010-11-06 19:55:09', '2010-11-06 19:55:09', 209102527, 'carlos@email.com')[0m
  [4;36;1mSQL (57.2ms)[0m   [0;1mCOMMIT[0m
Redirected to http://localhost:3000/students/1
Completed in 72ms (DB: 58) | 302 Found [http://localhost/students]
  [4;35;1mSQL (0.2ms)[0m   [0mSET SQL_AUTO_IS_NULL=0[0m


Processing StudentsController#show (for 127.0.0.1 at 2010-11-06 16:55:09) [GET]
  Parameters: {"id"=>"1"}
  [4;36;1mStudent Columns (0.8ms)[0m   [0;1mSHOW FIELDS FROM `students`[0m
  [4;35;1mStudent Load (0.3ms)[0m   [0mSELECT * FROM `students` WHERE (`students`.`id` = 1) [0m
Rendering template within layouts/students
Rendering students/show
Completed in 20ms (View: 10, DB: 1) | 200 OK [http://localhost/students/1]
  [4;36;1mSQL (0.1ms)[0m   [0;1mSET SQL_AUTO_IS_NULL=0[0m


Processing StudentsController#index (for 127.0.0.1 at 2010-11-06 16:55:13) [GET]
  [4;35;1mStudent Load (0.3ms)[0m   [0mSELECT * FROM `students` [0m
Rendering template within layouts/students
Rendering students/index
  [4;36;1mStudent Columns (0.8ms)[0m   [0;1mSHOW FIELDS FROM `students`[0m
Completed in 18ms (View: 9, DB: 1) | 200 OK [http://localhost/students]
  [4;36;1mSQL (0.1ms)[0m   [0;1mSET SQL_AUTO_IS_NULL=0[0m
  [4;35;1mSQL (0.2ms)[0m   [0mSHOW TABLES[0m
  [4;36;1mSQL (0.1ms)[0m   [0;1mSELECT version FROM schema_migrations[0m
  [4;35;1mSQL (0.1ms)[0m   [0mSET SQL_AUTO_IS_NULL=0[0m
  [4;36;1mSQL (0.3ms)[0m   [0;1mDROP DATABASE IF EXISTS `semac_test`[0m
  [4;35;1mSQL (0.1ms)[0m   [0mCREATE DATABASE `semac_test` DEFAULT CHARACTER SET `utf8`[0m
  [4;36;1mSQL (0.1ms)[0m   [0;1mSET SQL_AUTO_IS_NULL=0[0m
  [4;35;1mSQL (0.2ms)[0m   [0mSHOW TABLES[0m
  [4;36;1mSQL (54.0ms)[0m   [0;1mCREATE TABLE `students` (`id` int(11) DEFAULT NULL auto_increment PRIMARY KEY, `name` varchar(255), `email` varchar(255), `registration` int(11), `created_at` datetime, `updated_at` datetime) ENGINE=InnoDB[0m
  [4;35;1mSQL (0.2ms)[0m   [0mSHOW TABLES[0m
  [4;36;1mSQL (101.0ms)[0m   [0;1mCREATE TABLE `schema_migrations` (`version` varchar(255) NOT NULL) ENGINE=InnoDB[0m
  [4;35;1mSQL (253.9ms)[0m   [0mCREATE UNIQUE INDEX `unique_schema_migrations` ON `schema_migrations` (`version`)[0m
  [4;36;1mSQL (0.3ms)[0m   [0;1mSHOW TABLES[0m
  [4;35;1mSQL (0.3ms)[0m   [0mSELECT version FROM `schema_migrations`[0m
  [4;36;1mSQL (16.0ms)[0m   [0;1mINSERT INTO `schema_migrations` (version) VALUES ('20101106194248')[0m
  [4;36;1mSQL (0.1ms)[0m   [0;1mSET SQL_AUTO_IS_NULL=0[0m
  [4;35;1mSQL (0.2ms)[0m   [0mSHOW TABLES[0m
  [4;36;1mSQL (0.1ms)[0m   [0;1mSELECT version FROM schema_migrations[0m
  [4;35;1mSQL (0.1ms)[0m   [0mSET SQL_AUTO_IS_NULL=0[0m
  [4;36;1mSQL (42.1ms)[0m   [0;1mDROP DATABASE IF EXISTS `semac_test`[0m
  [4;35;1mSQL (0.2ms)[0m   [0mCREATE DATABASE `semac_test` DEFAULT CHARACTER SET `utf8`[0m
  [4;36;1mSQL (0.1ms)[0m   [0;1mSET SQL_AUTO_IS_NULL=0[0m
  [4;35;1mSQL (0.2ms)[0m   [0mSHOW TABLES[0m
  [4;36;1mSQL (235.4ms)[0m   [0;1mCREATE TABLE `students` (`id` int(11) DEFAULT NULL auto_increment PRIMARY KEY, `name` varchar(255), `email` varchar(255), `registration` int(11), `created_at` datetime, `updated_at` datetime) ENGINE=InnoDB[0m
  [4;35;1mSQL (0.3ms)[0m   [0mSHOW TABLES[0m
  [4;36;1mSQL (176.5ms)[0m   [0;1mCREATE TABLE `schema_migrations` (`version` varchar(255) NOT NULL) ENGINE=InnoDB[0m
  [4;35;1mSQL (112.2ms)[0m   [0mCREATE UNIQUE INDEX `unique_schema_migrations` ON `schema_migrations` (`version`)[0m
  [4;36;1mSQL (0.3ms)[0m   [0;1mSHOW TABLES[0m
  [4;35;1mSQL (0.4ms)[0m   [0mSELECT version FROM `schema_migrations`[0m
  [4;36;1mSQL (15.6ms)[0m   [0;1mINSERT INTO `schema_migrations` (version) VALUES ('20101106194248')[0m
  [4;36;1mSQL (0.1ms)[0m   [0;1mSET SQL_AUTO_IS_NULL=0[0m
  [4;35;1mSQL (0.2ms)[0m   [0mSHOW TABLES[0m
  [4;36;1mSQL (0.1ms)[0m   [0;1mSELECT version FROM schema_migrations[0m
  [4;35;1mSQL (0.1ms)[0m   [0mSET SQL_AUTO_IS_NULL=0[0m
  [4;36;1mSQL (59.7ms)[0m   [0;1mDROP DATABASE IF EXISTS `semac_test`[0m
  [4;35;1mSQL (0.2ms)[0m   [0mCREATE DATABASE `semac_test` DEFAULT CHARACTER SET `utf8`[0m
  [4;36;1mSQL (0.1ms)[0m   [0;1mSET SQL_AUTO_IS_NULL=0[0m
  [4;35;1mSQL (0.2ms)[0m   [0mSHOW TABLES[0m
  [4;36;1mSQL (66.3ms)[0m   [0;1mCREATE TABLE `students` (`id` int(11) DEFAULT NULL auto_increment PRIMARY KEY, `name` varchar(255), `email` varchar(255), `registration` int(11), `created_at` datetime, `updated_at` datetime) ENGINE=InnoDB[0m
  [4;35;1mSQL (0.3ms)[0m   [0mSHOW TABLES[0m
  [4;36;1mSQL (100.9ms)[0m   [0;1mCREATE TABLE `schema_migrations` (`version` varchar(255) NOT NULL) ENGINE=InnoDB[0m
  [4;35;1mSQL (378.2ms)[0m   [0mCREATE UNIQUE INDEX `unique_schema_migrations` ON `schema_migrations` (`version`)[0m
  [4;36;1mSQL (0.3ms)[0m   [0;1mSHOW TABLES[0m
  [4;35;1mSQL (0.3ms)[0m   [0mSELECT version FROM `schema_migrations`[0m
  [4;36;1mSQL (15.9ms)[0m   [0;1mINSERT INTO `schema_migrations` (version) VALUES ('20101106194248')[0m
  [4;36;1mSQL (0.8ms)[0m   [0;1mSET SQL_AUTO_IS_NULL=0[0m
  [4;35;1mSQL (0.2ms)[0m   [0mSHOW TABLES[0m
  [4;36;1mSQL (0.1ms)[0m   [0;1mSELECT version FROM schema_migrations[0m
  [4;35;1mSQL (0.1ms)[0m   [0mSET SQL_AUTO_IS_NULL=0[0m
  [4;36;1mSQL (41.9ms)[0m   [0;1mDROP DATABASE IF EXISTS `semac_test`[0m
  [4;35;1mSQL (0.2ms)[0m   [0mCREATE DATABASE `semac_test` DEFAULT CHARACTER SET `utf8`[0m
  [4;36;1mSQL (0.1ms)[0m   [0;1mSET SQL_AUTO_IS_NULL=0[0m
  [4;35;1mSQL (0.2ms)[0m   [0mSHOW TABLES[0m
  [4;36;1mSQL (76.2ms)[0m   [0;1mCREATE TABLE `students` (`id` int(11) DEFAULT NULL auto_increment PRIMARY KEY, `name` varchar(255), `email` varchar(255), `registration` int(11), `created_at` datetime, `updated_at` datetime) ENGINE=InnoDB[0m
  [4;35;1mSQL (0.3ms)[0m   [0mSHOW TABLES[0m
  [4;36;1mSQL (167.5ms)[0m   [0;1mCREATE TABLE `schema_migrations` (`version` varchar(255) NOT NULL) ENGINE=InnoDB[0m
  [4;35;1mSQL (462.1ms)[0m   [0mCREATE UNIQUE INDEX `unique_schema_migrations` ON `schema_migrations` (`version`)[0m
  [4;36;1mSQL (0.3ms)[0m   [0;1mSHOW TABLES[0m
  [4;35;1mSQL (0.3ms)[0m   [0mSELECT version FROM `schema_migrations`[0m
  [4;36;1mSQL (24.2ms)[0m   [0;1mINSERT INTO `schema_migrations` (version) VALUES ('20101106194248')[0m
  [4;36;1mSQL (0.1ms)[0m   [0;1mSET SQL_AUTO_IS_NULL=0[0m
  [4;35;1mSQL (0.2ms)[0m   [0mSHOW TABLES[0m
  [4;36;1mSQL (0.1ms)[0m   [0;1mSELECT version FROM schema_migrations[0m
  [4;35;1mSQL (0.1ms)[0m   [0mSET SQL_AUTO_IS_NULL=0[0m
  [4;36;1mSQL (44.3ms)[0m   [0;1mDROP DATABASE IF EXISTS `semac_test`[0m
  [4;35;1mSQL (0.2ms)[0m   [0mCREATE DATABASE `semac_test` DEFAULT CHARACTER SET `utf8`[0m
  [4;36;1mSQL (0.1ms)[0m   [0;1mSET SQL_AUTO_IS_NULL=0[0m
  [4;35;1mSQL (0.2ms)[0m   [0mSHOW TABLES[0m
  [4;36;1mSQL (101.6ms)[0m   [0;1mCREATE TABLE `students` (`id` int(11) DEFAULT NULL auto_increment PRIMARY KEY, `name` varchar(255), `email` varchar(255), `registration` int(11), `created_at` datetime, `updated_at` datetime) ENGINE=InnoDB[0m
  [4;35;1mSQL (0.3ms)[0m   [0mSHOW TABLES[0m
  [4;36;1mSQL (193.6ms)[0m   [0;1mCREATE TABLE `schema_migrations` (`version` varchar(255) NOT NULL) ENGINE=InnoDB[0m
  [4;35;1mSQL (144.9ms)[0m   [0mCREATE UNIQUE INDEX `unique_schema_migrations` ON `schema_migrations` (`version`)[0m
  [4;36;1mSQL (0.3ms)[0m   [0;1mSHOW TABLES[0m
  [4;35;1mSQL (1.2ms)[0m   [0mSELECT version FROM `schema_migrations`[0m
  [4;36;1mSQL (31.6ms)[0m   [0;1mINSERT INTO `schema_migrations` (version) VALUES ('20101106194248')[0m
  [4;36;1mSQL (0.1ms)[0m   [0;1mSET SQL_AUTO_IS_NULL=0[0m
  [4;35;1mSQL (0.2ms)[0m   [0mSHOW TABLES[0m
  [4;36;1mSQL (0.1ms)[0m   [0;1mSELECT version FROM schema_migrations[0m
  [4;35;1mSQL (0.1ms)[0m   [0mSET SQL_AUTO_IS_NULL=0[0m
  [4;36;1mSQL (42.2ms)[0m   [0;1mDROP DATABASE IF EXISTS `semac_test`[0m
  [4;35;1mSQL (0.2ms)[0m   [0mCREATE DATABASE `semac_test` DEFAULT CHARACTER SET `utf8`[0m
  [4;36;1mSQL (0.1ms)[0m   [0;1mSET SQL_AUTO_IS_NULL=0[0m
  [4;35;1mSQL (0.2ms)[0m   [0mSHOW TABLES[0m
  [4;36;1mSQL (121.1ms)[0m   [0;1mCREATE TABLE `students` (`id` int(11) DEFAULT NULL auto_increment PRIMARY KEY, `name` varchar(255), `email` varchar(255), `registration` int(11), `created_at` datetime, `updated_at` datetime) ENGINE=InnoDB[0m
  [4;35;1mSQL (0.3ms)[0m   [0mSHOW TABLES[0m
  [4;36;1mSQL (42.4ms)[0m   [0;1mCREATE TABLE `schema_migrations` (`version` varchar(255) NOT NULL) ENGINE=InnoDB[0m
  [4;35;1mSQL (304.4ms)[0m   [0mCREATE UNIQUE INDEX `unique_schema_migrations` ON `schema_migrations` (`version`)[0m
  [4;36;1mSQL (0.3ms)[0m   [0;1mSHOW TABLES[0m
  [4;35;1mSQL (0.3ms)[0m   [0mSELECT version FROM `schema_migrations`[0m
  [4;36;1mSQL (16.0ms)[0m   [0;1mINSERT INTO `schema_migrations` (version) VALUES ('20101106194248')[0m
  [4;36;1mSQL (0.1ms)[0m   [0;1mSET SQL_AUTO_IS_NULL=0[0m
  [4;35;1mSQL (0.2ms)[0m   [0mSHOW TABLES[0m
  [4;36;1mSQL (0.1ms)[0m   [0;1mSELECT version FROM schema_migrations[0m
  [4;35;1mSQL (0.1ms)[0m   [0mSET SQL_AUTO_IS_NULL=0[0m
  [4;36;1mSQL (35.1ms)[0m   [0;1mDROP DATABASE IF EXISTS `semac_test`[0m
  [4;35;1mSQL (0.2ms)[0m   [0mCREATE DATABASE `semac_test` DEFAULT CHARACTER SET `utf8`[0m
  [4;36;1mSQL (0.1ms)[0m   [0;1mSET SQL_AUTO_IS_NULL=0[0m
  [4;35;1mSQL (0.2ms)[0m   [0mSHOW TABLES[0m
  [4;36;1mSQL (63.3ms)[0m   [0;1mCREATE TABLE `students` (`id` int(11) DEFAULT NULL auto_increment PRIMARY KEY, `name` varchar(255), `email` varchar(255), `registration` int(11), `created_at` datetime, `updated_at` datetime) ENGINE=InnoDB[0m
  [4;35;1mSQL (0.3ms)[0m   [0mSHOW TABLES[0m
  [4;36;1mSQL (125.9ms)[0m   [0;1mCREATE TABLE `schema_migrations` (`version` varchar(255) NOT NULL) ENGINE=InnoDB[0m
  [4;35;1mSQL (604.1ms)[0m   [0mCREATE UNIQUE INDEX `unique_schema_migrations` ON `schema_migrations` (`version`)[0m
  [4;36;1mSQL (0.3ms)[0m   [0;1mSHOW TABLES[0m
  [4;35;1mSQL (0.9ms)[0m   [0mSELECT version FROM `schema_migrations`[0m
  [4;36;1mSQL (39.4ms)[0m   [0;1mINSERT INTO `schema_migrations` (version) VALUES ('20101106194248')[0m
  [4;36;1mSQL (0.1ms)[0m   [0;1mSET SQL_AUTO_IS_NULL=0[0m
  [4;35;1mSQL (0.2ms)[0m   [0mSHOW TABLES[0m
  [4;36;1mSQL (0.1ms)[0m   [0;1mSELECT version FROM schema_migrations[0m
  [4;35;1mSQL (0.1ms)[0m   [0mSET SQL_AUTO_IS_NULL=0[0m
  [4;36;1mSQL (49.8ms)[0m   [0;1mDROP DATABASE IF EXISTS `semac_test`[0m
  [4;35;1mSQL (0.2ms)[0m   [0mCREATE DATABASE `semac_test` DEFAULT CHARACTER SET `utf8`[0m
  [4;36;1mSQL (0.1ms)[0m   [0;1mSET SQL_AUTO_IS_NULL=0[0m
  [4;35;1mSQL (0.2ms)[0m   [0mSHOW TABLES[0m
  [4;36;1mSQL (335.2ms)[0m   [0;1mCREATE TABLE `students` (`id` int(11) DEFAULT NULL auto_increment PRIMARY KEY, `name` varchar(255), `email` varchar(255), `registration` int(11), `created_at` datetime, `updated_at` datetime) ENGINE=InnoDB[0m
  [4;35;1mSQL (0.3ms)[0m   [0mSHOW TABLES[0m
  [4;36;1mSQL (100.8ms)[0m   [0;1mCREATE TABLE `schema_migrations` (`version` varchar(255) NOT NULL) ENGINE=InnoDB[0m
  [4;35;1mSQL (314.5ms)[0m   [0mCREATE UNIQUE INDEX `unique_schema_migrations` ON `schema_migrations` (`version`)[0m
  [4;36;1mSQL (0.3ms)[0m   [0;1mSHOW TABLES[0m
  [4;35;1mSQL (0.3ms)[0m   [0mSELECT version FROM `schema_migrations`[0m
  [4;36;1mSQL (24.3ms)[0m   [0;1mINSERT INTO `schema_migrations` (version) VALUES ('20101106194248')[0m
  [4;36;1mSQL (0.1ms)[0m   [0;1mSET SQL_AUTO_IS_NULL=0[0m
  [4;35;1mSQL (0.2ms)[0m   [0mSHOW TABLES[0m
  [4;36;1mSQL (0.1ms)[0m   [0;1mSELECT version FROM schema_migrations[0m
  [4;35;1mSQL (0.1ms)[0m   [0mSET SQL_AUTO_IS_NULL=0[0m
  [4;36;1mSQL (60.5ms)[0m   [0;1mDROP DATABASE IF EXISTS `semac_test`[0m
  [4;35;1mSQL (0.2ms)[0m   [0mCREATE DATABASE `semac_test` DEFAULT CHARACTER SET `utf8`[0m
  [4;36;1mSQL (0.1ms)[0m   [0;1mSET SQL_AUTO_IS_NULL=0[0m
  [4;35;1mSQL (0.2ms)[0m   [0mSHOW TABLES[0m
  [4;36;1mSQL (175.1ms)[0m   [0;1mCREATE TABLE `students` (`id` int(11) DEFAULT NULL auto_increment PRIMARY KEY, `name` varchar(255), `email` varchar(255), `registration` int(11), `created_at` datetime, `updated_at` datetime) ENGINE=InnoDB[0m
  [4;35;1mSQL (0.3ms)[0m   [0mSHOW TABLES[0m
  [4;36;1mSQL (150.8ms)[0m   [0;1mCREATE TABLE `schema_migrations` (`version` varchar(255) NOT NULL) ENGINE=InnoDB[0m
  [4;35;1mSQL (211.8ms)[0m   [0mCREATE UNIQUE INDEX `unique_schema_migrations` ON `schema_migrations` (`version`)[0m
  [4;36;1mSQL (0.3ms)[0m   [0;1mSHOW TABLES[0m
  [4;35;1mSQL (0.3ms)[0m   [0mSELECT version FROM `schema_migrations`[0m
  [4;36;1mSQL (32.6ms)[0m   [0;1mINSERT INTO `schema_migrations` (version) VALUES ('20101106194248')[0m
  [4;36;1mSQL (0.1ms)[0m   [0;1mSET SQL_AUTO_IS_NULL=0[0m
  [4;35;1mSQL (0.2ms)[0m   [0mSHOW TABLES[0m
  [4;36;1mSQL (0.1ms)[0m   [0;1mSELECT version FROM schema_migrations[0m
  [4;35;1mSQL (0.1ms)[0m   [0mSET SQL_AUTO_IS_NULL=0[0m
  [4;36;1mSQL (35.1ms)[0m   [0;1mDROP DATABASE IF EXISTS `semac_test`[0m
  [4;35;1mSQL (0.2ms)[0m   [0mCREATE DATABASE `semac_test` DEFAULT CHARACTER SET `utf8`[0m
  [4;36;1mSQL (0.1ms)[0m   [0;1mSET SQL_AUTO_IS_NULL=0[0m
  [4;35;1mSQL (0.2ms)[0m   [0mSHOW TABLES[0m
  [4;36;1mSQL (135.9ms)[0m   [0;1mCREATE TABLE `students` (`id` int(11) DEFAULT NULL auto_increment PRIMARY KEY, `name` varchar(255), `email` varchar(255), `registration` int(11), `created_at` datetime, `updated_at` datetime) ENGINE=InnoDB[0m
  [4;35;1mSQL (0.3ms)[0m   [0mSHOW TABLES[0m
  [4;36;1mSQL (67.5ms)[0m   [0;1mCREATE TABLE `schema_migrations` (`version` varchar(255) NOT NULL) ENGINE=InnoDB[0m
  [4;35;1mSQL (261.9ms)[0m   [0mCREATE UNIQUE INDEX `unique_schema_migrations` ON `schema_migrations` (`version`)[0m
  [4;36;1mSQL (0.3ms)[0m   [0;1mSHOW TABLES[0m
  [4;35;1mSQL (0.3ms)[0m   [0mSELECT version FROM `schema_migrations`[0m
  [4;36;1mSQL (107.7ms)[0m   [0;1mINSERT INTO `schema_migrations` (version) VALUES ('20101106194248')[0m
  [4;36;1mSQL (0.1ms)[0m   [0;1mSET SQL_AUTO_IS_NULL=0[0m
  [4;35;1mSQL (0.2ms)[0m   [0mSHOW TABLES[0m
  [4;36;1mSQL (0.1ms)[0m   [0;1mSELECT version FROM schema_migrations[0m
  [4;35;1mSQL (0.1ms)[0m   [0mSET SQL_AUTO_IS_NULL=0[0m
  [4;36;1mSQL (46.2ms)[0m   [0;1mDROP DATABASE IF EXISTS `semac_test`[0m
  [4;35;1mSQL (0.2ms)[0m   [0mCREATE DATABASE `semac_test` DEFAULT CHARACTER SET `utf8`[0m
  [4;36;1mSQL (0.1ms)[0m   [0;1mSET SQL_AUTO_IS_NULL=0[0m
  [4;35;1mSQL (0.2ms)[0m   [0mSHOW TABLES[0m
  [4;36;1mSQL (326.7ms)[0m   [0;1mCREATE TABLE `students` (`id` int(11) DEFAULT NULL auto_increment PRIMARY KEY, `name` varchar(255), `email` varchar(255), `registration` int(11), `created_at` datetime, `updated_at` datetime) ENGINE=InnoDB[0m
  [4;35;1mSQL (0.3ms)[0m   [0mSHOW TABLES[0m
  [4;36;1mSQL (251.5ms)[0m   [0;1mCREATE TABLE `schema_migrations` (`version` varchar(255) NOT NULL) ENGINE=InnoDB[0m
  [4;35;1mSQL (112.3ms)[0m   [0mCREATE UNIQUE INDEX `unique_schema_migrations` ON `schema_migrations` (`version`)[0m
  [4;36;1mSQL (0.3ms)[0m   [0;1mSHOW TABLES[0m
  [4;35;1mSQL (0.3ms)[0m   [0mSELECT version FROM `schema_migrations`[0m
  [4;36;1mSQL (15.9ms)[0m   [0;1mINSERT INTO `schema_migrations` (version) VALUES ('20101106194248')[0m
  [4;36;1mSQL (0.1ms)[0m   [0;1mSET SQL_AUTO_IS_NULL=0[0m
  [4;35;1mSQL (0.2ms)[0m   [0mSHOW TABLES[0m
  [4;36;1mSQL (0.1ms)[0m   [0;1mSELECT version FROM schema_migrations[0m
  [4;35;1mSQL (0.1ms)[0m   [0mSET SQL_AUTO_IS_NULL=0[0m
  [4;36;1mSQL (106.4ms)[0m   [0;1mDROP DATABASE IF EXISTS `semac_test`[0m
  [4;35;1mSQL (0.2ms)[0m   [0mCREATE DATABASE `semac_test` DEFAULT CHARACTER SET `utf8`[0m
  [4;36;1mSQL (0.1ms)[0m   [0;1mSET SQL_AUTO_IS_NULL=0[0m
  [4;35;1mSQL (0.2ms)[0m   [0mSHOW TABLES[0m
  [4;36;1mSQL (74.5ms)[0m   [0;1mCREATE TABLE `students` (`id` int(11) DEFAULT NULL auto_increment PRIMARY KEY, `name` varchar(255), `email` varchar(255), `registration` int(11), `created_at` datetime, `updated_at` datetime) ENGINE=InnoDB[0m
  [4;35;1mSQL (0.3ms)[0m   [0mSHOW TABLES[0m
  [4;36;1mSQL (512.6ms)[0m   [0;1mCREATE TABLE `schema_migrations` (`version` varchar(255) NOT NULL) ENGINE=InnoDB[0m
  [4;35;1mSQL (367.2ms)[0m   [0mCREATE UNIQUE INDEX `unique_schema_migrations` ON `schema_migrations` (`version`)[0m
  [4;36;1mSQL (0.3ms)[0m   [0;1mSHOW TABLES[0m
  [4;35;1mSQL (0.3ms)[0m   [0mSELECT version FROM `schema_migrations`[0m
  [4;36;1mSQL (15.9ms)[0m   [0;1mINSERT INTO `schema_migrations` (version) VALUES ('20101106194248')[0m
  [4;36;1mSQL (0.1ms)[0m   [0;1mSET SQL_AUTO_IS_NULL=0[0m
  [4;35;1mSQL (0.2ms)[0m   [0mSHOW TABLES[0m
  [4;36;1mSQL (0.1ms)[0m   [0;1mSELECT version FROM schema_migrations[0m
  [4;35;1mSQL (0.1ms)[0m   [0mSET SQL_AUTO_IS_NULL=0[0m
  [4;36;1mSQL (52.1ms)[0m   [0;1mDROP DATABASE IF EXISTS `semac_test`[0m
  [4;35;1mSQL (0.2ms)[0m   [0mCREATE DATABASE `semac_test` DEFAULT CHARACTER SET `utf8`[0m
  [4;36;1mSQL (0.1ms)[0m   [0;1mSET SQL_AUTO_IS_NULL=0[0m
  [4;35;1mSQL (0.2ms)[0m   [0mSHOW TABLES[0m
  [4;36;1mSQL (151.3ms)[0m   [0;1mCREATE TABLE `students` (`id` int(11) DEFAULT NULL auto_increment PRIMARY KEY, `name` varchar(255), `email` varchar(255), `registration` int(11), `created_at` datetime, `updated_at` datetime) ENGINE=InnoDB[0m
  [4;35;1mSQL (0.4ms)[0m   [0mSHOW TABLES[0m
  [4;36;1mSQL (134.8ms)[0m   [0;1mCREATE TABLE `schema_migrations` (`version` varchar(255) NOT NULL) ENGINE=InnoDB[0m
  [4;35;1mSQL (170.5ms)[0m   [0mCREATE UNIQUE INDEX `unique_schema_migrations` ON `schema_migrations` (`version`)[0m
  [4;36;1mSQL (0.3ms)[0m   [0;1mSHOW TABLES[0m
  [4;35;1mSQL (0.3ms)[0m   [0mSELECT version FROM `schema_migrations`[0m
  [4;36;1mSQL (24.2ms)[0m   [0;1mINSERT INTO `schema_migrations` (version) VALUES ('20101106194248')[0m
  [4;36;1mSQL (0.1ms)[0m   [0;1mSET SQL_AUTO_IS_NULL=0[0m
  [4;35;1mSQL (0.2ms)[0m   [0mSHOW TABLES[0m
  [4;36;1mSQL (0.1ms)[0m   [0;1mSELECT version FROM schema_migrations[0m
  [4;35;1mSQL (0.1ms)[0m   [0mSET SQL_AUTO_IS_NULL=0[0m
  [4;36;1mSQL (45.2ms)[0m   [0;1mDROP DATABASE IF EXISTS `semac_test`[0m
  [4;35;1mSQL (0.2ms)[0m   [0mCREATE DATABASE `semac_test` DEFAULT CHARACTER SET `utf8`[0m
  [4;36;1mSQL (0.1ms)[0m   [0;1mSET SQL_AUTO_IS_NULL=0[0m
  [4;35;1mSQL (0.2ms)[0m   [0mSHOW TABLES[0m
  [4;36;1mSQL (230.6ms)[0m   [0;1mCREATE TABLE `students` (`id` int(11) DEFAULT NULL auto_increment PRIMARY KEY, `name` varchar(255), `email` varchar(255), `registration` int(11), `created_at` datetime, `updated_at` datetime) ENGINE=InnoDB[0m
  [4;35;1mSQL (0.3ms)[0m   [0mSHOW TABLES[0m
  [4;36;1mSQL (117.4ms)[0m   [0;1mCREATE TABLE `schema_migrations` (`version` varchar(255) NOT NULL) ENGINE=InnoDB[0m
  [4;35;1mSQL (369.8ms)[0m   [0mCREATE UNIQUE INDEX `unique_schema_migrations` ON `schema_migrations` (`version`)[0m
  [4;36;1mSQL (1.2ms)[0m   [0;1mSHOW TABLES[0m
  [4;35;1mSQL (0.3ms)[0m   [0mSELECT version FROM `schema_migrations`[0m
  [4;36;1mSQL (54.3ms)[0m   [0;1mINSERT INTO `schema_migrations` (version) VALUES ('20101106194248')[0m
  [4;36;1mSQL (0.1ms)[0m   [0;1mSET SQL_AUTO_IS_NULL=0[0m
  [4;35;1mSQL (0.2ms)[0m   [0mSHOW TABLES[0m
  [4;36;1mSQL (0.1ms)[0m   [0;1mSELECT version FROM schema_migrations[0m
  [4;35;1mSQL (0.1ms)[0m   [0mSET SQL_AUTO_IS_NULL=0[0m
  [4;36;1mSQL (99.7ms)[0m   [0;1mDROP DATABASE IF EXISTS `semac_test`[0m
  [4;35;1mSQL (0.2ms)[0m   [0mCREATE DATABASE `semac_test` DEFAULT CHARACTER SET `utf8`[0m
  [4;36;1mSQL (0.1ms)[0m   [0;1mSET SQL_AUTO_IS_NULL=0[0m
  [4;35;1mSQL (0.2ms)[0m   [0mSHOW TABLES[0m
  [4;36;1mSQL (72.0ms)[0m   [0;1mCREATE TABLE `students` (`id` int(11) DEFAULT NULL auto_increment PRIMARY KEY, `name` varchar(255), `email` varchar(255), `registration` int(11), `created_at` datetime, `updated_at` datetime) ENGINE=InnoDB[0m
  [4;35;1mSQL (0.3ms)[0m   [0mSHOW TABLES[0m
  [4;36;1mSQL (159.8ms)[0m   [0;1mCREATE TABLE `schema_migrations` (`version` varchar(255) NOT NULL) ENGINE=InnoDB[0m
  [4;35;1mSQL (128.8ms)[0m   [0mCREATE UNIQUE INDEX `unique_schema_migrations` ON `schema_migrations` (`version`)[0m
  [4;36;1mSQL (0.3ms)[0m   [0;1mSHOW TABLES[0m
  [4;35;1mSQL (0.3ms)[0m   [0mSELECT version FROM `schema_migrations`[0m
  [4;36;1mSQL (24.3ms)[0m   [0;1mINSERT INTO `schema_migrations` (version) VALUES ('20101106194248')[0m
  [4;36;1mSQL (0.1ms)[0m   [0;1mSET SQL_AUTO_IS_NULL=0[0m
  [4;35;1mSQL (0.2ms)[0m   [0mSHOW TABLES[0m
  [4;36;1mSQL (0.1ms)[0m   [0;1mSELECT version FROM schema_migrations[0m
  [4;35;1mSQL (0.1ms)[0m   [0mSET SQL_AUTO_IS_NULL=0[0m
  [4;36;1mSQL (100.1ms)[0m   [0;1mDROP DATABASE IF EXISTS `semac_test`[0m
  [4;35;1mSQL (0.2ms)[0m   [0mCREATE DATABASE `semac_test` DEFAULT CHARACTER SET `utf8`[0m
  [4;36;1mSQL (0.1ms)[0m   [0;1mSET SQL_AUTO_IS_NULL=0[0m
  [4;35;1mSQL (0.4ms)[0m   [0mSHOW TABLES[0m
  [4;36;1mSQL (91.5ms)[0m   [0;1mCREATE TABLE `students` (`id` int(11) DEFAULT NULL auto_increment PRIMARY KEY, `name` varchar(255), `email` varchar(255), `registration` int(11), `created_at` datetime, `updated_at` datetime) ENGINE=InnoDB[0m
  [4;35;1mSQL (1.1ms)[0m   [0mSHOW TABLES[0m
  [4;36;1mSQL (350.3ms)[0m   [0;1mCREATE TABLE `schema_migrations` (`version` varchar(255) NOT NULL) ENGINE=InnoDB[0m
  [4;35;1mSQL (112.0ms)[0m   [0mCREATE UNIQUE INDEX `unique_schema_migrations` ON `schema_migrations` (`version`)[0m
  [4;36;1mSQL (0.3ms)[0m   [0;1mSHOW TABLES[0m
  [4;35;1mSQL (0.3ms)[0m   [0mSELECT version FROM `schema_migrations`[0m
  [4;36;1mSQL (24.3ms)[0m   [0;1mINSERT INTO `schema_migrations` (version) VALUES ('20101106194248')[0m
  [4;36;1mSQL (0.1ms)[0m   [0;1mSET SQL_AUTO_IS_NULL=0[0m
  [4;35;1mSQL (0.2ms)[0m   [0mSHOW TABLES[0m
  [4;36;1mSQL (0.1ms)[0m   [0;1mSELECT version FROM schema_migrations[0m
  [4;35;1mSQL (0.1ms)[0m   [0mSET SQL_AUTO_IS_NULL=0[0m
  [4;36;1mSQL (82.3ms)[0m   [0;1mDROP DATABASE IF EXISTS `semac_test`[0m
  [4;35;1mSQL (0.2ms)[0m   [0mCREATE DATABASE `semac_test` DEFAULT CHARACTER SET `utf8`[0m
  [4;36;1mSQL (0.1ms)[0m   [0;1mSET SQL_AUTO_IS_NULL=0[0m
  [4;35;1mSQL (0.2ms)[0m   [0mSHOW TABLES[0m
  [4;36;1mSQL (107.4ms)[0m   [0;1mCREATE TABLE `students` (`id` int(11) DEFAULT NULL auto_increment PRIMARY KEY, `name` varchar(255), `email` varchar(255), `registration` int(11), `created_at` datetime, `updated_at` datetime) ENGINE=InnoDB[0m
  [4;35;1mSQL (0.2ms)[0m   [0mSHOW TABLES[0m
  [4;36;1mSQL (234.9ms)[0m   [0;1mCREATE TABLE `schema_migrations` (`version` varchar(255) NOT NULL) ENGINE=InnoDB[0m
  [4;35;1mSQL (203.9ms)[0m   [0mCREATE UNIQUE INDEX `unique_schema_migrations` ON `schema_migrations` (`version`)[0m
  [4;36;1mSQL (0.3ms)[0m   [0;1mSHOW TABLES[0m
  [4;35;1mSQL (0.3ms)[0m   [0mSELECT version FROM `schema_migrations`[0m
  [4;36;1mSQL (32.6ms)[0m   [0;1mINSERT INTO `schema_migrations` (version) VALUES ('20101106194248')[0m
  [4;36;1mSQL (0.1ms)[0m   [0;1mSET SQL_AUTO_IS_NULL=0[0m
  [4;35;1mSQL (0.2ms)[0m   [0mSHOW TABLES[0m
  [4;36;1mSQL (0.1ms)[0m   [0;1mSELECT version FROM schema_migrations[0m
  [4;35;1mSQL (0.1ms)[0m   [0mSET SQL_AUTO_IS_NULL=0[0m
  [4;36;1mSQL (33.2ms)[0m   [0;1mDROP DATABASE IF EXISTS `semac_test`[0m
  [4;35;1mSQL (0.2ms)[0m   [0mCREATE DATABASE `semac_test` DEFAULT CHARACTER SET `utf8`[0m
  [4;36;1mSQL (0.1ms)[0m   [0;1mSET SQL_AUTO_IS_NULL=0[0m
  [4;35;1mSQL (0.2ms)[0m   [0mSHOW TABLES[0m
  [4;36;1mSQL (119.2ms)[0m   [0;1mCREATE TABLE `students` (`id` int(11) DEFAULT NULL auto_increment PRIMARY KEY, `name` varchar(255), `email` varchar(255), `registration` int(11), `created_at` datetime, `updated_at` datetime) ENGINE=InnoDB[0m
  [4;35;1mSQL (0.5ms)[0m   [0mSHOW TABLES[0m
  [4;36;1mSQL (325.9ms)[0m   [0;1mCREATE TABLE `schema_migrations` (`version` varchar(255) NOT NULL) ENGINE=InnoDB[0m
  [4;35;1mSQL (178.9ms)[0m   [0mCREATE UNIQUE INDEX `unique_schema_migrations` ON `schema_migrations` (`version`)[0m
  [4;36;1mSQL (0.3ms)[0m   [0;1mSHOW TABLES[0m
  [4;35;1mSQL (0.3ms)[0m   [0mSELECT version FROM `schema_migrations`[0m
  [4;36;1mSQL (24.2ms)[0m   [0;1mINSERT INTO `schema_migrations` (version) VALUES ('20101106194248')[0m
  [4;36;1mSQL (0.1ms)[0m   [0;1mSET SQL_AUTO_IS_NULL=0[0m
  [4;35;1mSQL (0.2ms)[0m   [0mSHOW TABLES[0m
  [4;36;1mSQL (0.1ms)[0m   [0;1mSELECT version FROM schema_migrations[0m
  [4;35;1mSQL (0.1ms)[0m   [0mSET SQL_AUTO_IS_NULL=0[0m
  [4;36;1mSQL (111.5ms)[0m   [0;1mDROP DATABASE IF EXISTS `semac_test`[0m
  [4;35;1mSQL (0.2ms)[0m   [0mCREATE DATABASE `semac_test` DEFAULT CHARACTER SET `utf8`[0m
  [4;36;1mSQL (0.1ms)[0m   [0;1mSET SQL_AUTO_IS_NULL=0[0m
  [4;35;1mSQL (0.3ms)[0m   [0mSHOW TABLES[0m
  [4;36;1mSQL (64.6ms)[0m   [0;1mCREATE TABLE `students` (`id` int(11) DEFAULT NULL auto_increment PRIMARY KEY, `name` varchar(255), `email` varchar(255), `registration` int(11), `created_at` datetime, `updated_at` datetime) ENGINE=InnoDB[0m
  [4;35;1mSQL (0.3ms)[0m   [0mSHOW TABLES[0m
  [4;36;1mSQL (151.7ms)[0m   [0;1mCREATE TABLE `schema_migrations` (`version` varchar(255) NOT NULL) ENGINE=InnoDB[0m
  [4;35;1mSQL (103.6ms)[0m   [0mCREATE UNIQUE INDEX `unique_schema_migrations` ON `schema_migrations` (`version`)[0m
  [4;36;1mSQL (0.3ms)[0m   [0;1mSHOW TABLES[0m
  [4;35;1mSQL (0.3ms)[0m   [0mSELECT version FROM `schema_migrations`[0m
  [4;36;1mSQL (16.1ms)[0m   [0;1mINSERT INTO `schema_migrations` (version) VALUES ('20101106194248')[0m
  [4;35;1mSQL (0.1ms)[0m   [0mSET SQL_AUTO_IS_NULL=0[0m


Processing StudentsController#index (for 127.0.0.1 at 2010-11-06 18:23:07) [GET]
  [4;36;1mStudent Load (0.2ms)[0m   [0;1mSELECT * FROM `students` [0m
Rendering template within layouts/students
Rendering students/index
  [4;35;1mStudent Columns (0.9ms)[0m   [0mSHOW FIELDS FROM `students`[0m
Completed in 20ms (View: 10, DB: 1) | 200 OK [http://localhost/students]
  [4;36;1mSQL (0.1ms)[0m   [0;1mSET SQL_AUTO_IS_NULL=0[0m


Processing StudentsController#destroy (for 127.0.0.1 at 2010-11-06 18:23:10) [DELETE]
  Parameters: {"authenticity_token"=>"TnBtDMdBw9brzdm59b4wREJ6lv3+V6nZ7wCC98dOuvU=", "id"=>"1"}
  [4;35;1mStudent Columns (0.9ms)[0m   [0mSHOW FIELDS FROM `students`[0m
  [4;36;1mStudent Load (0.1ms)[0m   [0;1mSELECT * FROM `students` WHERE (`students`.`id` = 1) [0m
  [4;35;1mSQL (0.1ms)[0m   [0mBEGIN[0m
  [4;36;1mStudent Destroy (0.3ms)[0m   [0;1mDELETE FROM `students` WHERE `id` = 1[0m
  [4;35;1mSQL (25.1ms)[0m   [0mCOMMIT[0m
Redirected to http://localhost:3000/students
Completed in 39ms (DB: 27) | 302 Found [http://localhost/students/1]
  [4;36;1mSQL (0.1ms)[0m   [0;1mSET SQL_AUTO_IS_NULL=0[0m


Processing StudentsController#index (for 127.0.0.1 at 2010-11-06 18:23:10) [GET]
  [4;35;1mStudent Load (0.4ms)[0m   [0mSELECT * FROM `students` [0m
Rendering template within layouts/students
Rendering students/index
Completed in 23ms (View: 13, DB: 0) | 200 OK [http://localhost/students]
  [4;36;1mSQL (0.1ms)[0m   [0;1mSET SQL_AUTO_IS_NULL=0[0m


Processing StudentsController#new (for 127.0.0.1 at 2010-11-06 18:23:11) [GET]
  [4;35;1mStudent Columns (1.3ms)[0m   [0mSHOW FIELDS FROM `students`[0m
Rendering template within layouts/students
Rendering students/new
Completed in 18ms (View: 8, DB: 1) | 200 OK [http://localhost/students/new]
  [4;36;1mSQL (0.2ms)[0m   [0;1mSET SQL_AUTO_IS_NULL=0[0m


Processing StudentsController#create (for 127.0.0.1 at 2010-11-06 18:23:15) [POST]
  Parameters: {"commit"=>"Create", "authenticity_token"=>"TnBtDMdBw9brzdm59b4wREJ6lv3+V6nZ7wCC98dOuvU=", "student"=>{"name"=>"", "registration"=>"", "email"=>""}}
  [4;35;1mStudent Columns (0.7ms)[0m   [0mSHOW FIELDS FROM `students`[0m
  [4;36;1mSQL (0.1ms)[0m   [0;1mBEGIN[0m
  [4;35;1mStudent Load (0.3ms)[0m   [0mSELECT `students`.id FROM `students` WHERE (`students`.`name` = BINARY '') LIMIT 1[0m
  [4;36;1mStudent Load (0.2ms)[0m   [0;1mSELECT `students`.id FROM `students` WHERE (`students`.`email` = BINARY '') LIMIT 1[0m
  [4;35;1mSQL (0.1ms)[0m   [0mROLLBACK[0m
Rendering template within layouts/students
Rendering students/new
Completed in 31ms (View: 19, DB: 1) | 200 OK [http://localhost/students]
  [4;36;1mSQL (0.1ms)[0m   [0;1mSET SQL_AUTO_IS_NULL=0[0m


Processing StudentsController#create (for 127.0.0.1 at 2010-11-06 18:23:23) [POST]
  Parameters: {"commit"=>"Create", "authenticity_token"=>"TnBtDMdBw9brzdm59b4wREJ6lv3+V6nZ7wCC98dOuvU=", "student"=>{"name"=>"abc", "registration"=>"1234", "email"=>"def"}}
  [4;35;1mStudent Columns (0.8ms)[0m   [0mSHOW FIELDS FROM `students`[0m
  [4;36;1mSQL (0.1ms)[0m   [0;1mBEGIN[0m
  [4;35;1mStudent Load (0.3ms)[0m   [0mSELECT `students`.id FROM `students` WHERE (`students`.`name` = BINARY 'abc') LIMIT 1[0m
  [4;36;1mStudent Load (0.3ms)[0m   [0;1mSELECT `students`.id FROM `students` WHERE (`students`.`email` = BINARY 'def') LIMIT 1[0m
  [4;35;1mStudent Create (0.3ms)[0m   [0mINSERT INTO `students` (`name`, `created_at`, `updated_at`, `registration`, `email`) VALUES('abc', '2010-11-06 21:23:23', '2010-11-06 21:23:23', 1234, 'def')[0m
  [4;36;1mSQL (42.3ms)[0m   [0;1mCOMMIT[0m
Redirected to http://localhost:3000/students/2
Completed in 60ms (DB: 44) | 302 Found [http://localhost/students]
  [4;35;1mSQL (0.1ms)[0m   [0mSET SQL_AUTO_IS_NULL=0[0m


Processing StudentsController#show (for 127.0.0.1 at 2010-11-06 18:23:23) [GET]
  Parameters: {"id"=>"2"}
  [4;36;1mStudent Columns (0.8ms)[0m   [0;1mSHOW FIELDS FROM `students`[0m
  [4;35;1mStudent Load (0.3ms)[0m   [0mSELECT * FROM `students` WHERE (`students`.`id` = 2) [0m
Rendering template within layouts/students
Rendering students/show
Completed in 15ms (View: 4, DB: 1) | 200 OK [http://localhost/students/2]
  [4;36;1mSQL (0.1ms)[0m   [0;1mSET SQL_AUTO_IS_NULL=0[0m


Processing StudentsController#index (for 127.0.0.1 at 2010-11-06 18:23:25) [GET]
  [4;35;1mStudent Load (0.3ms)[0m   [0mSELECT * FROM `students` [0m
Rendering template within layouts/students
Rendering students/index
  [4;36;1mStudent Columns (0.8ms)[0m   [0;1mSHOW FIELDS FROM `students`[0m
Completed in 19ms (View: 10, DB: 1) | 200 OK [http://localhost/students]
  [4;35;1mSQL (0.1ms)[0m   [0mSET SQL_AUTO_IS_NULL=0[0m


Processing StudentsController#new (for 127.0.0.1 at 2010-11-06 18:23:26) [GET]
  [4;36;1mStudent Columns (0.9ms)[0m   [0;1mSHOW FIELDS FROM `students`[0m
Rendering template within layouts/students
Rendering students/new
Completed in 17ms (View: 8, DB: 1) | 200 OK [http://localhost/students/new]
  [4;35;1mSQL (0.1ms)[0m   [0mSET SQL_AUTO_IS_NULL=0[0m


Processing StudentsController#create (for 127.0.0.1 at 2010-11-06 18:23:35) [POST]
  Parameters: {"commit"=>"Create", "authenticity_token"=>"TnBtDMdBw9brzdm59b4wREJ6lv3+V6nZ7wCC98dOuvU=", "student"=>{"name"=>"abc", "registration"=>"12", "email"=>"def"}}
  [4;36;1mStudent Columns (0.8ms)[0m   [0;1mSHOW FIELDS FROM `students`[0m
  [4;35;1mSQL (0.1ms)[0m   [0mBEGIN[0m
  [4;36;1mStudent Load (0.3ms)[0m   [0;1mSELECT `students`.id FROM `students` WHERE (`students`.`name` = BINARY 'abc') LIMIT 1[0m
  [4;35;1mStudent Load (0.7ms)[0m   [0mSELECT `students`.id FROM `students` WHERE (`students`.`email` = BINARY 'def') LIMIT 1[0m
  [4;36;1mSQL (0.1ms)[0m   [0;1mROLLBACK[0m
Rendering template within layouts/students
Rendering students/new
Completed in 35ms (View: 19, DB: 2) | 200 OK [http://localhost/students]
  [4;35;1mSQL (0.1ms)[0m   [0mSET SQL_AUTO_IS_NULL=0[0m


Processing StudentsController#create (for 127.0.0.1 at 2010-11-06 18:30:45) [POST]
  Parameters: {"commit"=>"Create", "authenticity_token"=>"TnBtDMdBw9brzdm59b4wREJ6lv3+V6nZ7wCC98dOuvU=", "student"=>{"name"=>"gef", "registration"=>"1234", "email"=>"hij"}}
  [4;36;1mStudent Columns (1.0ms)[0m   [0;1mSHOW FIELDS FROM `students`[0m
  [4;35;1mSQL (0.1ms)[0m   [0mBEGIN[0m
  [4;36;1mStudent Load (0.3ms)[0m   [0;1mSELECT `students`.id FROM `students` WHERE (`students`.`name` = BINARY 'gef') LIMIT 1[0m
  [4;35;1mStudent Load (0.3ms)[0m   [0mSELECT `students`.id FROM `students` WHERE (`students`.`email` = BINARY 'hij') LIMIT 1[0m
  [4;36;1mStudent Create (0.2ms)[0m   [0;1mINSERT INTO `students` (`name`, `created_at`, `updated_at`, `registration`, `email`) VALUES('gef', '2010-11-06 21:30:45', '2010-11-06 21:30:45', 1234, 'hij')[0m
  [4;35;1mSQL (36.7ms)[0m   [0mCOMMIT[0m
Redirected to http://localhost:3000/students/3
Completed in 57ms (DB: 39) | 302 Found [http://localhost/students]
  [4;36;1mSQL (0.1ms)[0m   [0;1mSET SQL_AUTO_IS_NULL=0[0m


Processing StudentsController#show (for 127.0.0.1 at 2010-11-06 18:30:45) [GET]
  Parameters: {"id"=>"3"}
  [4;35;1mStudent Columns (0.8ms)[0m   [0mSHOW FIELDS FROM `students`[0m
  [4;36;1mStudent Load (0.3ms)[0m   [0;1mSELECT * FROM `students` WHERE (`students`.`id` = 3) [0m
Rendering template within layouts/students
Rendering students/show
Completed in 14ms (View: 4, DB: 1) | 200 OK [http://localhost/students/3]
  [4;35;1mSQL (0.1ms)[0m   [0mSET SQL_AUTO_IS_NULL=0[0m


Processing StudentsController#index (for 127.0.0.1 at 2010-11-06 18:30:47) [GET]
  [4;36;1mStudent Load (0.4ms)[0m   [0;1mSELECT * FROM `students` [0m
Rendering template within layouts/students
Rendering students/index
  [4;35;1mStudent Columns (0.6ms)[0m   [0mSHOW FIELDS FROM `students`[0m
Completed in 20ms (View: 12, DB: 1) | 200 OK [http://localhost/students]
  [4;36;1mSQL (0.1ms)[0m   [0;1mSET SQL_AUTO_IS_NULL=0[0m
  [4;35;1mSQL (0.6ms)[0m   [0mSHOW TABLES[0m
  [4;36;1mSQL (0.1ms)[0m   [0;1mSELECT version FROM schema_migrations[0m
  [4;35;1mSQL (0.1ms)[0m   [0mSET SQL_AUTO_IS_NULL=0[0m
  [4;36;1mSQL (33.1ms)[0m   [0;1mDROP DATABASE IF EXISTS `semac_test`[0m
  [4;35;1mSQL (0.2ms)[0m   [0mCREATE DATABASE `semac_test` DEFAULT CHARACTER SET `utf8`[0m
  [4;36;1mSQL (0.1ms)[0m   [0;1mSET SQL_AUTO_IS_NULL=0[0m
  [4;35;1mSQL (0.2ms)[0m   [0mSHOW TABLES[0m
  [4;36;1mSQL (92.0ms)[0m   [0;1mCREATE TABLE `students` (`id` int(11) DEFAULT NULL auto_increment PRIMARY KEY, `name` varchar(255), `email` varchar(255), `registration` int(11), `created_at` datetime, `updated_at` datetime) ENGINE=InnoDB[0m
  [4;35;1mSQL (0.3ms)[0m   [0mSHOW TABLES[0m
  [4;36;1mSQL (50.7ms)[0m   [0;1mCREATE TABLE `schema_migrations` (`version` varchar(255) NOT NULL) ENGINE=InnoDB[0m
  [4;35;1mSQL (337.4ms)[0m   [0mCREATE UNIQUE INDEX `unique_schema_migrations` ON `schema_migrations` (`version`)[0m
  [4;36;1mSQL (0.3ms)[0m   [0;1mSHOW TABLES[0m
  [4;35;1mSQL (0.3ms)[0m   [0mSELECT version FROM `schema_migrations`[0m
  [4;36;1mSQL (16.1ms)[0m   [0;1mINSERT INTO `schema_migrations` (version) VALUES ('20101106194248')[0m
  [4;36;1mSQL (0.1ms)[0m   [0;1mSET SQL_AUTO_IS_NULL=0[0m


Processing StudentsController#destroy (for 127.0.0.1 at 2010-11-06 18:36:12) [DELETE]
  Parameters: {"authenticity_token"=>"TnBtDMdBw9brzdm59b4wREJ6lv3+V6nZ7wCC98dOuvU=", "id"=>"3"}
  [4;35;1mStudent Columns (0.9ms)[0m   [0mSHOW FIELDS FROM `students`[0m
  [4;36;1mStudent Load (0.1ms)[0m   [0;1mSELECT * FROM `students` WHERE (`students`.`id` = 3) [0m
  [4;35;1mSQL (0.1ms)[0m   [0mBEGIN[0m
  [4;36;1mStudent Destroy (0.3ms)[0m   [0;1mDELETE FROM `students` WHERE `id` = 3[0m
  [4;35;1mSQL (33.3ms)[0m   [0mCOMMIT[0m
Redirected to http://localhost:3000/students
Completed in 49ms (DB: 35) | 302 Found [http://localhost/students/3]
  [4;36;1mSQL (0.1ms)[0m   [0;1mSET SQL_AUTO_IS_NULL=0[0m


Processing StudentsController#index (for 127.0.0.1 at 2010-11-06 18:36:12) [GET]
  [4;35;1mStudent Load (0.4ms)[0m   [0mSELECT * FROM `students` [0m
Rendering template within layouts/students
Rendering students/index
  [4;36;1mStudent Columns (0.8ms)[0m   [0;1mSHOW FIELDS FROM `students`[0m
Completed in 20ms (View: 10, DB: 1) | 200 OK [http://localhost/students]
  [4;35;1mSQL (0.1ms)[0m   [0mSET SQL_AUTO_IS_NULL=0[0m


Processing StudentsController#new (for 127.0.0.1 at 2010-11-06 18:36:13) [GET]
  [4;36;1mStudent Columns (0.7ms)[0m   [0;1mSHOW FIELDS FROM `students`[0m
Rendering template within layouts/students
Rendering students/new
Completed in 17ms (View: 8, DB: 1) | 200 OK [http://localhost/students/new]
  [4;35;1mSQL (0.1ms)[0m   [0mSET SQL_AUTO_IS_NULL=0[0m


Processing StudentsController#create (for 127.0.0.1 at 2010-11-06 18:36:17) [POST]
  Parameters: {"commit"=>"Create", "authenticity_token"=>"TnBtDMdBw9brzdm59b4wREJ6lv3+V6nZ7wCC98dOuvU=", "student"=>{"name"=>"gef", "registration"=>"1234", "email"=>"hij"}}
  [4;36;1mStudent Columns (0.8ms)[0m   [0;1mSHOW FIELDS FROM `students`[0m
  [4;35;1mSQL (0.1ms)[0m   [0mBEGIN[0m
  [4;36;1mStudent Load (0.3ms)[0m   [0;1mSELECT `students`.id FROM `students` WHERE (`students`.`name` = BINARY 'gef') LIMIT 1[0m
  [4;35;1mStudent Load (0.2ms)[0m   [0mSELECT `students`.id FROM `students` WHERE (`students`.`email` = BINARY 'hij') LIMIT 1[0m
  [4;36;1mStudent Load (0.2ms)[0m   [0;1mSELECT `students`.id FROM `students` WHERE (`students`.`registration` = 1234) LIMIT 1[0m
  [4;35;1mSQL (0.1ms)[0m   [0mROLLBACK[0m
Rendering template within layouts/students
Rendering students/new
Completed in 30ms (View: 14, DB: 2) | 200 OK [http://localhost/students]
  [4;36;1mSQL (0.1ms)[0m   [0;1mSET SQL_AUTO_IS_NULL=0[0m
  [4;35;1mSQL (0.2ms)[0m   [0mSHOW TABLES[0m
  [4;36;1mSQL (0.1ms)[0m   [0;1mSELECT version FROM schema_migrations[0m
  [4;35;1mSQL (0.1ms)[0m   [0mSET SQL_AUTO_IS_NULL=0[0m
  [4;36;1mSQL (62.5ms)[0m   [0;1mDROP DATABASE IF EXISTS `semac_test`[0m
  [4;35;1mSQL (0.2ms)[0m   [0mCREATE DATABASE `semac_test` DEFAULT CHARACTER SET `utf8`[0m
  [4;36;1mSQL (0.1ms)[0m   [0;1mSET SQL_AUTO_IS_NULL=0[0m
  [4;35;1mSQL (0.2ms)[0m   [0mSHOW TABLES[0m
  [4;36;1mSQL (68.7ms)[0m   [0;1mCREATE TABLE `students` (`id` int(11) DEFAULT NULL auto_increment PRIMARY KEY, `name` varchar(255), `email` varchar(255), `registration` int(11), `created_at` datetime, `updated_at` datetime) ENGINE=InnoDB[0m
  [4;35;1mSQL (0.3ms)[0m   [0mSHOW TABLES[0m
  [4;36;1mSQL (201.1ms)[0m   [0;1mCREATE TABLE `schema_migrations` (`version` varchar(255) NOT NULL) ENGINE=InnoDB[0m
  [4;35;1mSQL (120.5ms)[0m   [0mCREATE UNIQUE INDEX `unique_schema_migrations` ON `schema_migrations` (`version`)[0m
  [4;36;1mSQL (0.3ms)[0m   [0;1mSHOW TABLES[0m
  [4;35;1mSQL (0.3ms)[0m   [0mSELECT version FROM `schema_migrations`[0m
  [4;36;1mSQL (24.2ms)[0m   [0;1mINSERT INTO `schema_migrations` (version) VALUES ('20101106194248')[0m
  [4;36;1mSQL (0.9ms)[0m   [0;1mSET SQL_AUTO_IS_NULL=0[0m
  [4;35;1mSQL (0.2ms)[0m   [0mSHOW TABLES[0m
  [4;36;1mSQL (0.1ms)[0m   [0;1mSELECT version FROM schema_migrations[0m
  [4;35;1mSQL (0.1ms)[0m   [0mSET SQL_AUTO_IS_NULL=0[0m
  [4;36;1mSQL (51.3ms)[0m   [0;1mDROP DATABASE IF EXISTS `semac_test`[0m
  [4;35;1mSQL (0.2ms)[0m   [0mCREATE DATABASE `semac_test` DEFAULT CHARACTER SET `utf8`[0m
  [4;36;1mSQL (0.1ms)[0m   [0;1mSET SQL_AUTO_IS_NULL=0[0m
  [4;35;1mSQL (0.2ms)[0m   [0mSHOW TABLES[0m
  [4;36;1mSQL (119.0ms)[0m   [0;1mCREATE TABLE `students` (`id` int(11) DEFAULT NULL auto_increment PRIMARY KEY, `name` varchar(255), `email` varchar(255), `registration` int(11), `created_at` datetime, `updated_at` datetime) ENGINE=InnoDB[0m
  [4;35;1mSQL (0.3ms)[0m   [0mSHOW TABLES[0m
  [4;36;1mSQL (167.0ms)[0m   [0;1mCREATE TABLE `schema_migrations` (`version` varchar(255) NOT NULL) ENGINE=InnoDB[0m
  [4;35;1mSQL (128.9ms)[0m   [0mCREATE UNIQUE INDEX `unique_schema_migrations` ON `schema_migrations` (`version`)[0m
  [4;36;1mSQL (0.3ms)[0m   [0;1mSHOW TABLES[0m
  [4;35;1mSQL (0.3ms)[0m   [0mSELECT version FROM `schema_migrations`[0m
  [4;36;1mSQL (24.2ms)[0m   [0;1mINSERT INTO `schema_migrations` (version) VALUES ('20101106194248')[0m
  [4;36;1mSQL (0.1ms)[0m   [0;1mSET SQL_AUTO_IS_NULL=0[0m
  [4;35;1mSQL (0.2ms)[0m   [0mSHOW TABLES[0m
  [4;36;1mSQL (0.1ms)[0m   [0;1mSELECT version FROM schema_migrations[0m
  [4;35;1mSQL (0.1ms)[0m   [0mSET SQL_AUTO_IS_NULL=0[0m
  [4;36;1mSQL (108.5ms)[0m   [0;1mDROP DATABASE IF EXISTS `semac_test`[0m
  [4;35;1mSQL (0.2ms)[0m   [0mCREATE DATABASE `semac_test` DEFAULT CHARACTER SET `utf8`[0m
  [4;36;1mSQL (0.1ms)[0m   [0;1mSET SQL_AUTO_IS_NULL=0[0m
  [4;35;1mSQL (0.2ms)[0m   [0mSHOW TABLES[0m
  [4;36;1mSQL (66.3ms)[0m   [0;1mCREATE TABLE `students` (`id` int(11) DEFAULT NULL auto_increment PRIMARY KEY, `name` varchar(255), `email` varchar(255), `registration` int(11), `created_at` datetime, `updated_at` datetime) ENGINE=InnoDB[0m
  [4;35;1mSQL (0.3ms)[0m   [0mSHOW TABLES[0m
  [4;36;1mSQL (226.4ms)[0m   [0;1mCREATE TABLE `schema_migrations` (`version` varchar(255) NOT NULL) ENGINE=InnoDB[0m
  [4;35;1mSQL (103.8ms)[0m   [0mCREATE UNIQUE INDEX `unique_schema_migrations` ON `schema_migrations` (`version`)[0m
  [4;36;1mSQL (0.3ms)[0m   [0;1mSHOW TABLES[0m
  [4;35;1mSQL (0.3ms)[0m   [0mSELECT version FROM `schema_migrations`[0m
  [4;36;1mSQL (15.9ms)[0m   [0;1mINSERT INTO `schema_migrations` (version) VALUES ('20101106194248')[0m
  [4;36;1mSQL (0.1ms)[0m   [0;1mSET SQL_AUTO_IS_NULL=0[0m
  [4;35;1mSQL (0.2ms)[0m   [0mSHOW TABLES[0m
  [4;36;1mSQL (0.1ms)[0m   [0;1mSELECT version FROM schema_migrations[0m
  [4;35;1mSQL (0.1ms)[0m   [0mSET SQL_AUTO_IS_NULL=0[0m
  [4;36;1mSQL (48.9ms)[0m   [0;1mDROP DATABASE IF EXISTS `semac_test`[0m
  [4;35;1mSQL (0.2ms)[0m   [0mCREATE DATABASE `semac_test` DEFAULT CHARACTER SET `utf8`[0m
  [4;36;1mSQL (0.1ms)[0m   [0;1mSET SQL_AUTO_IS_NULL=0[0m
  [4;35;1mSQL (0.2ms)[0m   [0mSHOW TABLES[0m
  [4;36;1mSQL (94.1ms)[0m   [0;1mCREATE TABLE `students` (`id` int(11) DEFAULT NULL auto_increment PRIMARY KEY, `name` varchar(255), `email` varchar(255), `registration` int(11), `created_at` datetime, `updated_at` datetime) ENGINE=InnoDB[0m
  [4;35;1mSQL (0.3ms)[0m   [0mSHOW TABLES[0m
  [4;36;1mSQL (75.9ms)[0m   [0;1mCREATE TABLE `schema_migrations` (`version` varchar(255) NOT NULL) ENGINE=InnoDB[0m
  [4;35;1mSQL (1726.1ms)[0m   [0mCREATE UNIQUE INDEX `unique_schema_migrations` ON `schema_migrations` (`version`)[0m
  [4;36;1mSQL (0.3ms)[0m   [0;1mSHOW TABLES[0m
  [4;35;1mSQL (0.3ms)[0m   [0mSELECT version FROM `schema_migrations`[0m
  [4;36;1mSQL (16.0ms)[0m   [0;1mINSERT INTO `schema_migrations` (version) VALUES ('20101106194248')[0m
  [4;36;1mSQL (0.6ms)[0m   [0;1mSET SQL_AUTO_IS_NULL=0[0m
  [4;35;1mSQL (0.2ms)[0m   [0mSHOW TABLES[0m
  [4;36;1mSQL (0.1ms)[0m   [0;1mSELECT version FROM schema_migrations[0m
  [4;35;1mSQL (0.1ms)[0m   [0mSET SQL_AUTO_IS_NULL=0[0m
  [4;36;1mSQL (93.8ms)[0m   [0;1mDROP DATABASE IF EXISTS `semac_test`[0m
  [4;35;1mSQL (0.2ms)[0m   [0mCREATE DATABASE `semac_test` DEFAULT CHARACTER SET `utf8`[0m
  [4;36;1mSQL (0.1ms)[0m   [0;1mSET SQL_AUTO_IS_NULL=0[0m
  [4;35;1mSQL (0.2ms)[0m   [0mSHOW TABLES[0m
  [4;36;1mSQL (92.4ms)[0m   [0;1mCREATE TABLE `students` (`id` int(11) DEFAULT NULL auto_increment PRIMARY KEY, `name` varchar(255), `email` varchar(255), `registration` int(11), `created_at` datetime, `updated_at` datetime) ENGINE=InnoDB[0m
  [4;35;1mSQL (0.3ms)[0m   [0mSHOW TABLES[0m
  [4;36;1mSQL (126.2ms)[0m   [0;1mCREATE TABLE `schema_migrations` (`version` varchar(255) NOT NULL) ENGINE=InnoDB[0m
  [4;35;1mSQL (95.5ms)[0m   [0mCREATE UNIQUE INDEX `unique_schema_migrations` ON `schema_migrations` (`version`)[0m
  [4;36;1mSQL (0.3ms)[0m   [0;1mSHOW TABLES[0m
  [4;35;1mSQL (0.3ms)[0m   [0mSELECT version FROM `schema_migrations`[0m
  [4;36;1mSQL (24.2ms)[0m   [0;1mINSERT INTO `schema_migrations` (version) VALUES ('20101106194248')[0m
  [4;36;1mSQL (0.1ms)[0m   [0;1mSET SQL_AUTO_IS_NULL=0[0m
  [4;35;1mSQL (0.2ms)[0m   [0mSHOW TABLES[0m
  [4;36;1mSQL (0.1ms)[0m   [0;1mSELECT version FROM schema_migrations[0m
  [4;35;1mSQL (0.1ms)[0m   [0mSET SQL_AUTO_IS_NULL=0[0m
  [4;36;1mSQL (48.1ms)[0m   [0;1mDROP DATABASE IF EXISTS `semac_test`[0m
  [4;35;1mSQL (0.2ms)[0m   [0mCREATE DATABASE `semac_test` DEFAULT CHARACTER SET `utf8`[0m
  [4;36;1mSQL (0.1ms)[0m   [0;1mSET SQL_AUTO_IS_NULL=0[0m
  [4;35;1mSQL (0.2ms)[0m   [0mSHOW TABLES[0m
  [4;36;1mSQL (474.3ms)[0m   [0;1mCREATE TABLE `students` (`id` int(11) DEFAULT NULL auto_increment PRIMARY KEY, `name` varchar(255), `email` varchar(255), `registration` int(11), `created_at` datetime, `updated_at` datetime) ENGINE=InnoDB[0m
  [4;35;1mSQL (0.3ms)[0m   [0mSHOW TABLES[0m
  [4;36;1mSQL (75.1ms)[0m   [0;1mCREATE TABLE `schema_migrations` (`version` varchar(255) NOT NULL) ENGINE=InnoDB[0m
  [4;35;1mSQL (187.5ms)[0m   [0mCREATE UNIQUE INDEX `unique_schema_migrations` ON `schema_migrations` (`version`)[0m
  [4;36;1mSQL (0.3ms)[0m   [0;1mSHOW TABLES[0m
  [4;35;1mSQL (0.3ms)[0m   [0mSELECT version FROM `schema_migrations`[0m
  [4;36;1mSQL (16.0ms)[0m   [0;1mINSERT INTO `schema_migrations` (version) VALUES ('20101106194248')[0m
